Time for PSO =766.3094830513
Count =20
Searched parameters = fgas_dissipation, cgal 
xopt =[ 0.27869429  0.45217674]
fopt =0.238221237931
swarmsize =4
maxiter =4
lb =[0, 0.45]
ub =[1.5, 0.5]
Time for PSO =866.9832689762115
Count =20
Searched parameters = fgas_dissipation, cgal 
xopt =[ 0.1121203  0.5      ]
fopt =0.233934953541
swarmsize =4
maxiter =4
lb =[0, 0.45]
ub =[1.5, 0.5]
Time for PSO =922.1415019035339
Count =20
Searched parameters = fgas_dissipation, cgal 
xopt =[ 0.68218867  0.47271828]
fopt =0.264063058825
swarmsize =4
maxiter =4
lb =[0, 0.45]
ub =[1.5, 0.5]
Time for PSO =235.35013508796692
Count =0
Searched parameters = fgas_dissipation, cgal 
xopt =[ 0.96234403  0.47576983]
fopt =0.264063058825
swarmsize =4
maxiter =4
lb =[0, 0.45]
ub =[1.5, 0.5]
-----------------------------------------------------
